<?xml version="1.0" encoding="UTF-8"?>
<testng-results skipped="0" failed="0" ignored="0" total="1" passed="1">
  <reporter-output>
  </reporter-output>
  <suite name="tests.Tests" duration-ms="15850" started-at="2022-01-08T19:15:31 COT" finished-at="2022-01-08T19:15:47 COT">
    <groups>
    </groups>
    <test name="Command line test" duration-ms="15850" started-at="2022-01-08T19:15:31 COT" finished-at="2022-01-08T19:15:47 COT">
      <class name="tests.Tests">
        <test-method status="PASS" signature="setUp()[pri:0, instance:tests.Tests@5ed7a6]" name="setUp" is-config="true" duration-ms="8017" started-at="2022-01-08T19:15:32 COT" finished-at="2022-01-08T19:15:40 COT">
          <reporter-output>
          </reporter-output>
        </test-method> <!-- setUp -->
        <test-method status="PASS" signature="pruebaUno()[pri:0, instance:tests.Tests@5ed7a6]" name="pruebaUno" duration-ms="7730" started-at="2022-01-08T19:15:40 COT" finished-at="2022-01-08T19:15:47 COT">
          <reporter-output>
          </reporter-output>
        </test-method> <!-- pruebaUno -->
        <test-method status="PASS" signature="tearDown()[pri:0, instance:tests.Tests@5ed7a6]" name="tearDown" is-config="true" duration-ms="72" started-at="2022-01-08T19:15:47 COT" finished-at="2022-01-08T19:15:47 COT">
          <reporter-output>
          </reporter-output>
        </test-method> <!-- tearDown -->
      </class> <!-- tests.Tests -->
    </test> <!-- Command line test -->
  </suite> <!-- tests.Tests -->
</testng-results>
